214  26.6093  0.0779862
211.6  27.8266  0.0804085
209.2  22.6717  0.0710919
206.7  21.8987  0.077573
204.3  20.0222  0.0613928
201.9  16.358  0.0458422
199.5  14.2239  0.0393663
197.1  12.8758  0.0321437
194.7  11.5763  0.0363855
192.3  10.0197  0.023287
189.8  9.28802  0.0252666
187.4  9.21881  0.0236024
185  6.93578  0.0178862
182.6  6.58728  0.0180831
180.2  6.50088  0.0193698
177.8  5.45285  0.0172982
175.4  5.00682  0.0171374
173  4.58006  0.0167296
170.6  3.81534  0.0145918
168.2  2.94357  0.0126196
165.8  2.46885  0.0120583
163.4  2.22245  0.012291
161  1.89148  0.0117014
158.6  1.44325  0.0101113
156.2  1.00425  0.00852296
153.8  0.749223  0.00780384
151.4  0.587176  0.00727922
149  0.11996  0.00351742
146.6  0.360121  0.0105216
144.2  0.0173902  0.00115349
141.8  0.00238168  0.000453926
139.4  0  0
137.1  0  0
134.7  0  0
132.3  0  0
129.9  0  0
127.5  0  0
125.1  0  0
122.8  0  0
120.4  0  0
118  0  0
