795.4  19954.5  -8.14744
794.3  22.8718  0.364282
793.2  10.9203  0.117597
792  22.4315  0.300873
790.8  65.5877  0.710634
789.5  51.18  0.429437
788.1  25.9907  0.214501
786.8  35.7823  0.290245
785.3  33.6352  0.270522
783.9  27.8135  0.227514
782.3  45.9702  0.371652
780.8  25.4047  0.202179
779.2  74.8801  0.593118
777.5  46.1797  0.330239
775.9  29.4206  0.209853
774.2  17.3553  0.121915
772.4  29.4887  0.2136
770.7  38.8159  0.274893
768.9  29.962  0.215014
767.1  23.11  0.163377
765.3  17.2399  0.171968
763.5  54.9093  0.422733
761.8  76.6669  0.594473
760  21.5119  0.16259
758.3  21.8038  0.150385
756.5  39.9335  0.307981
754.8  29.7494  0.219203
753.2  35.4749  0.243876
751.5  30.6917  0.237863
749.9  34.3773  0.230794
748.3  38.5789  0.331863
746.7  22.1765  0.18196
745.2  32.4161  0.259911
743.7  49.9499  0.408712
742.2  32.829  0.241858
740.6  29.3006  0.223182
739.1  29.8029  0.226832
737.5  37.8283  0.268494
735.9  27.5382  0.604743
734.4  30.416  0.744189
732.8  41.6972  0.296368
731.2  30.7247  0.228355
729.6  30.2036  0.224619
728  33.1238  0.248247
726.4  30.9087  0.227289
724.8  30.765  0.226956
723.2  31.9181  0.232078
721.6  35.4025  0.267577
719.9  26.2939  0.195999
718.3  29.9357  0.235808
716.7  33.9902  0.246854
715.1  25.1548  0.31785
713.4  28.7139  0.325352
711.8  32.7273  0.237966
710.1  27.2101  0.203395
708.4  28.2117  0.209748
706.7  27.8638  0.211527
705.1  28.2613  0.224605
703.4  26.811  0.210069
701.7  23.7221  0.265654
700  25.4054  0.289708
698.3  28.1859  0.228469
696.5  22.3601  0.183258
694.8  23.83  0.189479
693.1  24.3408  0.191696
691.4  21.9208  0.174716
689.6  20.7341  0.166351
687.9  21.5999  0.16982
686.1  22.1294  0.172855
684.4  23.8581  0.246057
682.6  19.465  0.19327
680.8  20.9955  0.164239
679  18.4583  0.142913
677.3  19.6845  0.155916
675.5  21.4649  0.172725
673.7  21.0029  0.163743
671.8  19.6698  0.145235
670.1  18.9835  0.138904
668.2  18.4626  0.136465
666.4  19.6993  0.147071
664.6  18.1745  0.137065
662.7  18.8308  0.144223
660.9  20.1929  0.151354
659  17.2101  0.128728
657.2  18.8851  0.148258
655.3  18.4814  0.143053
653.5  18.347  0.138934
651.6  18.8591  0.142096
649.7  18.6902  0.145126
647.8  18.744  0.140802
645.9  18.269  0.136926
644  16.7207  0.125807
642.1  17.6409  0.132888
640.2  18.0672  0.135411
638.3  17.8408  0.134399
636.4  18.7515  0.141649
634.4  14.9105  0.150219
632.5  18.0872  0.134476
630.5  17.9263  0.135046
628.6  17.3605  0.135755
626.6  18.4713  0.14301
624.7  17.2403  0.133019
622.7  17.8133  0.135928
620.7  18.6535  0.15587
618.8  18.0726  0.139385
616.8  17.7736  0.149686
614.8  17.2968  0.127709
612.8  17.3367  0.129414
610.8  16.9906  0.127157
608.8  19.0219  0.145036
606.8  19.0203  0.141126
604.7  17.6583  0.135589
602.7  19.4733  0.145816
600.7  18.0245  0.136868
598.7  18.0517  0.137194
596.6  18.8554  0.139813
594.6  18.6649  0.143534
592.5  19.5701  0.159374
590.5  18.5584  0.147356
588.4  20.2372  0.159149
586.3  18.5028  0.131227
584.2  19.206  0.139318
582.2  20.3052  0.144263
580.1  20.6933  0.148656
578  19.1221  0.140072
575.9  21.2548  0.151475
573.8  22.4486  0.162872
571.7  19.535  0.135453
569.6  19.9231  0.135384
567.5  21.5037  0.150498
565.4  20.2689  0.143296
563.2  20.9606  0.149367
561.1  23.6132  0.160252
558.9  21.7222  0.148762
556.8  23.0806  0.152252
554.7  23.9502  0.157788
552.5  24.2334  0.156449
550.4  23.5094  0.148708
548.2  22.6145  0.152317
546.1  13.8932  0.147992
543.9  23.6608  0.193772
541.7  25.9329  0.163453
539.5  22.6283  0.143068
537.4  26.3396  0.164957
535.1  24.4051  0.15256
533  25.4469  0.15947
530.8  26.2547  0.156745
528.6  26.3751  0.156021
526.4  26.1386  0.152191
524.2  28.6787  0.165949
522  26.3281  0.15469
519.7  26.7547  0.158716
517.5  20.4132  0.120609
515.3  43.207  0.24053
513.1  30.2493  0.168389
510.8  29.218  0.160206
508.6  31.1909  0.169779
506.4  31.2214  0.166
504.1  32.8773  0.172018
501.9  31.6034  0.162522
499.6  24.9776  0.149655
497.4  42.6639  0.208619
495.1  44.8684  0.242901
492.8  32.7459  0.155803
490.6  32.5849  0.157117
488.3  40.2267  0.219821
486  41.6588  0.21607
483.8  41.2613  0.185421
481.5  37.4945  0.171245
479.2  39.3594  0.178326
476.9  40.7827  0.181629
474.6  41.9959  0.180422
472.3  39.3015  0.206036
470  44.9613  0.227003
467.7  46.0652  0.197443
465.4  44.8692  0.187684
463.1  49.2197  0.199786
460.8  52.1738  0.202178
458.5  47.3518  0.183473
456.2  52.0993  0.19194
453.9  53.0394  0.205589
451.5  45.3969  0.16968
449.2  52.1075  0.20455
446.9  59.2272  0.208914
444.6  55.9983  0.195509
442.2  61.2013  0.20608
439.9  58.2138  0.201715
437.6  63.6198  0.209385
435.2  65.4107  0.214977
432.9  65.0454  0.207868
430.5  74.0808  0.228922
428.2  67.6509  0.204966
425.8  66.9915  0.206773
423.5  68.6094  0.212955
421.1  82.8904  0.240013
418.8  79.6684  0.223294
416.4  77.6598  0.221024
414  79.1609  0.225451
411.7  80.5736  0.288433
409.3  91.7131  0.251558
406.9  87.9369  0.243267
404.6  74.3756  0.20851
402.2  23.7579  0.184003
399.8  134.221  0.516339
397.5  140.29  0.38587
395.1  135.968  0.312464
392.7  108.858  0.240727
390.3  110.413  0.2352
387.9  106.129  0.234184
385.5  117.54  0.243165
383.2  119.294  0.256296
380.8  131.178  0.265506
378.3  137.901  0.26231
376  133.136  0.259351
373.6  133.273  0.2486
371.2  141.65  0.261786
368.8  144.935  0.271116
366.4  138.037  0.241115
364  151.41  0.259604
361.6  156.682  0.305427
359.2  172.497  0.317609
356.8  175.19  0.289675
354.4  170.051  0.273189
352  170.307  0.275834
349.5  169.124  0.263974
347.2  188.393  0.312712
344.8  202.957  0.317847
342.4  175.744  0.26184
339.9  186.66  0.271315
337.5  212.475  0.299055
335.1  188.987  0.264595
332.7  189.893  0.265145
330.3  201.73  0.278459
327.9  204.595  0.289953
325.5  206.162  0.288173
323  191.513  0.252239
320.6  199.43  0.262739
318.2  221.549  0.274318
315.8  212.044  0.275654
313.4  184.703  0.232803
310.9  194.67  0.23553
308.5  194.226  0.231547
306.1  203.122  0.241521
303.7  204.671  0.240856
301.2  198.687  0.234627
298.8  184.586  0.220923
296.4  168.261  0.207514
294  176.675  0.218725
291.5  171.219  0.214636
289.1  176.683  0.235288
286.7  162.706  0.229037
284.3  148.624  0.202964
281.9  145.67  0.201197
279.4  134.019  0.187481
277  134.239  0.19209
274.6  126.788  0.190713
272.1  119.934  0.188432
269.7  122.752  0.195744
267.3  123.485  0.195129
264.9  125.257  0.185393
262.4  93.7184  0.273982
260  124.264  0.196812
257.6  90.6392  0.156288
255.2  81.1107  0.187787
252.7  82.8074  0.227026
250.3  89.0294  0.170519
247.9  59.6135  0.132721
245.5  64.1716  0.144659
243  58.4897  0.143561
240.6  62.0744  0.138664
238.2  57.4784  0.134046
235.8  50.3992  0.116333
233.3  53.6965  0.131974
230.9  43.9435  0.111007
228.5  38.4325  0.100968
226.1  36.1618  0.103019
223.7  35.5112  0.101411
221.2  35.9237  0.104691
218.8  30.2524  0.0917431
216.4  24.7345  0.0772344
214  24.5862  0.0870989
211.6  25.5772  0.090342
209.2  20.7813  0.0801868
206.7  20.0763  0.0874919
204.3  18.3613  0.0691493
201.9  14.982  0.051682
199.5  13.0221  0.0443551
197.1  11.7573  0.0362941
194.7  10.591  0.041
192.3  9.18023  0.0262146
189.8  8.46462  0.0286054
187.4  8.41646  0.0266768
185  6.31397  0.0202832
182.6  6.00921  0.0204609
180.2  5.91515  0.021976
177.8  4.95552  0.0196692
175.4  4.55491  0.0194641
173  4.15859  0.0190443
170.6  3.45036  0.0166848
168.2  2.66862  0.0143941
165.8  2.22585  0.0138381
163.4  2.00377  0.0141096
161  1.69387  0.013538
158.6  1.28583  0.0117535
156.2  0.887717  0.00998678
153.8  0.662243  0.00914556
151.4  0.516382  0.00857987
149  0.0939463  0.00456489
146.6  0.308898  0.0127178
144.2  0.0133069  0.00150454
141.8  0.0015837  0.000621985
139.4  0  0
137.1  0  0
134.7  0  0
132.3  0  0
129.9  0  0
127.5  0  0
125.1  0  0
122.8  0  0
120.4  0  0
118  0  0
115.6  0  0
113.3  0  0
110.9  0  0
108.5  0  0
106.2  0  0
103.8  0  0
101.4  0  0
99.1  0  0
96.7  0  0
94.4  0  0
92  0  0
89.6  0  0
87.3  0  0
84.9  0  0
82.6  0  0
80.2  0  0
77.9  0  0
75.5  0  0
73.2  0  0
70.9  0  0
68.5  0  0
66.2  0  0
63.8  0  0
61.5  0  0
59.2  0  0
56.8  0  0
54.5  0  0
52.2  0  0
49.9  0  0
47.5  0  0
45.2  0  0
