2008-12-12	20761	19:00	19:37	CB_20761.dat	 1.8G	37	  diamond, 3mm colli para
2008-12-12	20762	19:37	20:13	CB_20762.dat	 1.8G	36	  diamond, 3mm colli, perp
2008-12-12	20763	20:12	20:48	CB_20763.dat	 1.8G	36	  diamond, 3mm colli 
2008-12-12	20764	20:48	21:22	CB_20764.dat	 1.7G	34	  diamond, 3mm colli 
2008-12-12	20765	21:22	22:00	CB_20765.dat	 1.8G	38	  diamond, 3mm colli 
2008-12-12	20766	22:00	22:11	CB_20766.dat	 558M	11	  diamond, 3mm colli 
2008-12-12	20767	22:11	22:46	CB_20767.dat	 1.8G	35	  diamond, 3mm colli 
2008-12-12	20768	22:46	22:51	CB_20768.dat	 266M	 5	  diamond, 3mm colli 
2008-12-12	20769	22:51	23:26	CB_20769.dat	 1.8G	35	  diamond, 3mm colli 
2008-12-13	20770	23:26	00:04	CB_20770.dat	 1.6G	38	 
2008-12-13	20771	00:04	00:48	CB_20771.dat	 1.8G	44	  copper
2008-12-13	20772	00:48	01:29	CB_20772.dat	 1.8G	41	  5nA, 10mm Cu, 3mm colli, LH2, M>=2 E>100MeV
2008-12-13	20773	01:29	02:11	CB_20773.dat	 1.8G	42	  5nA, 10mm Cu, 3mm colli, LH2, M>=2 E>100MeV
2008-12-13	20774	02:10	02:52	CB_20774.dat	 1.8G	42	  5nA, 10mm Cu, 3mm colli, LH2, M>=2 E>100MeV
2008-12-13	20775	02:52	03:29	CB_20775.dat	 1.3G	37	  5nA, 10mm Cu, 3mm colli, LH2, M>=2 E>100MeV
2008-12-13	20776	03:29	04:11	CB_20776.dat	 1.8G	42	  5nA, 10mm Cu, 3mm colli, LH2, M>=2 E>100MeV
2008-12-13	20777	04:11	04:52	CB_20777.dat	 1.8G	41	  5nA, 10mm Cu, 3mm colli, LH2, M>=2 E>100MeV
2008-12-13	20778	04:52	05:33	CB_20778.dat	 1.8G	41	  5nA, 10mm Cu, 3mm colli, LH2, M>=2 E>100MeV
2008-12-13	20779	05:33	06:15	CB_20779.dat	 1.8G	42	  5nA, 10mm Cu, 3mm colli, LH2, M>=2 E>100MeV
2008-12-13	20780	06:15	06:56	CB_20780.dat	 1.8G	41	  5nA, 10mm Cu, 3mm colli, LH2, M>=2 E>100MeV
2008-12-13	20781	06:56	07:37	CB_20781.dat	 1.8G	41	  5nA, 10mm Cu, 3mm colli, LH2, M>=2 E>100MeV
2008-12-13	20782	07:37	08:31	CB_20782.dat	 1.8G	54	  5nA, 10mm Cu, 3mm colli, LH2, M>=2 E>100MeV
2008-12-13	20783	08:31	08:38	CB_20783.dat	 320M	 7	  20nA, diamond PARA, 3mm colli, LH2,M>=2 E>100MeV
2008-12-13	20784	08:38	09:13	CB_20784.dat	 1.8G	35	  20nA, diamond PARA, 3mm colli, LH2,M>=2 E>100MeV  
2008-12-13	20785	09:13	09:50	CB_20785.dat	 1.8G	37	  20nA, diamond PARA, 3mm colli, LH2,M>=2 E>100MeV
2008-12-13	20786	09:50	10:26	CB_20786.dat	 1.8G	36	  20nA, diamond PARA, 3mm colli, LH2,M>=2 E>100MeV 
2008-12-13	20787	10:26	11:02	CB_20787.dat	 1.9G	36	  20nA, diamond PARA, 3mm colli, LH2,M>=2 E>100MeV 
2008-12-13	20788	11:02	11:37	CB_20788.dat	 1.8G	35	  20nA, diamond PARA, 3mm colli, LH2,M>=2 E>100MeV 
2008-12-13	20789	13:17	13:52	CB_20789.dat	 1.8G	35	  20nA, diamond PERP, 3mm colli, LH2,M>=2 E>100MeV             
2008-12-13	20790	13:52	14:27	CB_20790.dat	 1.8G	35	  20nA, diamond PERP, 3mm colli, LH2,M>=2 E>100MeV
2008-12-13	20791	14:27	15:02	CB_20791.dat	 1.8G	35	  20nA, diamond PERP, 3mm colli, LH2,M>=2 E>100MeV 
2008-12-13	20792	15:02	15:50	CB_20792.dat	 1.8G	48	  20nA, diamond PERP, 3mm colli, LH2,M>=2 E>100MeV 
2008-12-13	20793	15:50	16:26	CB_20793.dat	 1.8G	36	  20nA, diamond PARA, 3mm colli, LH2, M>=2 E>100 MeV
2008-12-13	20794	16:25	17:01	CB_20794.dat	 1.8G	36	  20nA, diamond PARA, 3mm colli, LH2, M>=2 E>100 MeV
2008-12-13	20795	17:01	17:37	CB_20795.dat	 1.8G	36	  20nA, diamond PARA, 3mm colli, LH2, M>=2 E>100 MeV 
2008-12-13	20796	17:37	17:42	CB_20796.dat	 285M	 5	  20nA, diamond PARA, 3mm colli, LH2, M>=2 E>100 MeV
2008-12-13	20797	17:49	18:25	CB_20797.dat	 1.8G	36	  20nA, diamond PARA, 3mm colli, LH2, M>=2 E>100 MeV
2008-12-13	20798	18:25	19:04	CB_20798.dat	 1.8G	39	  20nA, diamond PERP, 3mm colli, LH2, M>=2 E>100 MeV
2008-12-13	20799	19:04	19:40	CB_20799.dat	 1.8G	36	  20nA, diamond PERP, 3mm colli, LH2, M>=2 E>100 MeV
2008-12-13	20800	19:40	20:17	CB_20800.dat	 1.8G	37	  20nA, diamond PERP, 3mm colli, LH2, M>=2 E>100 MeV
2008-12-13	20801	20:17	20:53	CB_20801.dat	 1.8G	36	  20nA, diamond PERP, 3mm colli, LH2, M>=2 E>100 MeV
2008-12-13	20802	20:53	21:02	CB_20802.dat	 376M	 9	  20nA, diamond PARA, 3mm colli, LH2, M>=2 E>100 MeV
2008-12-13	20803	21:02	21:38	CB_20803.dat	 1.8G	36	  20nA, diamond PARA, 3mm colli, LH2, M>=2 E>100 MeV
2008-12-13	20804	21:38	22:14	CB_20804.dat	 1.8G	36	  20nA, diamond PARA, 3mm colli, LH2, M>=2 E>100 MeV
2008-12-13	20805	22:14	22:49	CB_20805.dat	 1.8G	35	  20nA, diamond PARA, 3mm colli, LH2, M>=2 E>100 MeV
2008-12-13	20806	22:49	23:26	CB_20806.dat	 1.8G	37	  20nA, diamond PARA, 3mm colli, LH2, M>=2 E>100 MeV 
2008-12-14	20807	23:26	00:01	CB_20807.dat	 1.8G	35	  20nA, diamond PERP, 3mm colli, LH2, M>=2 E>100 MeV
2008-12-14	20808	00:01	00:37	CB_20808.dat	 1.8G	36	  20nA, diamond PERP, 3mm colli, LH2, M>=2 E>100 MeV
2008-12-14	20809	00:37	01:12	CB_20809.dat	 1.8G	35	  20nA, diamond PERP, 3mm colli, LH2, M>=2 E>100 MeV
2008-12-14	20810	01:12	01:50	CB_20810.dat	 1.8G	38	  20nA, diamond PERP, 3mm colli, LH2, M>=2 E>100 MeV
2008-12-14	20811	01:50	02:19	CB_20811.dat	 1.4G	29	  20nA, diamond PARA, 3mm colli, LH2, M>=2 E>100 MeV
2008-12-14	20812	02:34	03:09	CB_20812.dat	 1.8G	35	  20nA, diamond PARA, 3mm colli, LH2, M>=2 E>100 MeV
2008-12-14	20813	04:10	04:47	CB_20813.dat	 1.8G	37	  20nA, diamond PARA, 3mm colli, LH2, M>=2 E>100 MeV 
2008-12-14	20814	04:47	05:23	CB_20814.dat	 1.8G	36	  20nA, diamond PARA, 3mm colli, LH2, M>=2 E>100 MeV
2008-12-14	20815	05:23	05:59	CB_20815.dat	 1.8G	36	  20nA, diamond PARA, 3mm colli, LH2, M>=2 E>100 MeV
2008-12-14	20816	06:00	06:36	CB_20816.dat	 1.8G	36	  20nA, diamond PERP, 3mm colli, LH2, M>=2 E>100 MeV
2008-12-14	20817	06:36	07:12	CB_20817.dat	 1.8G	36	  20nA, diamond PERP, 3mm colli, LH2, M>=2 E>100 MeV
2008-12-14	20818	07:12	07:48	CB_20818.dat	 1.8G	36	  20nA, diamond PERP, 3mm colli, LH2, M>=2 E>100 MeV
2008-12-14	20819	07:48	08:24	CB_20819.dat	 1.8G	36	  20nA, diamond PERP, 3mm colli, LH2, M>=2 E>100 MeV
2008-12-14	20820	08:24	09:00	CB_20820.dat	 1.8G	36	  20nA, diamond PARA, 3mm colli, LH2, M>=2 E>100 MeV
2008-12-14	20821	09:00	09:37	CB_20821.dat	 1.8G	37	  20nA, diamond PARA, 3mm colli, LH2, M>=2 E>100 MeV
2008-12-14	20822	09:37	10:13	CB_20822.dat	 1.8G	36	  20nA, diamond PARA, 3mm colli, LH2, M>=2 E>100 MeV 
2008-12-14	20823	10:13	10:51	CB_20823.dat	 1.8G	38	  20nA, diamond PARA, 3mm colli, LH2, M>=2 E>100 MeV 
2008-12-14	20824	10:51	11:35	CB_20824.dat	 1.8G	44	  20nA, diamond PERP, 3mm colli, LH2, M>=2 E>100 MeV
2008-12-14	20825	11:34	12:10	CB_20825.dat	 1.8G	36	  20nA, diamond PERP, 3mm colli, LH2, M>=2 E>100 MeV
2008-12-14	20826	12:10	12:47	CB_20826.dat	 1.8G	37	  20nA, diamond PERP, 3mm colli, LH2, M>=2 E>100 MeV
2008-12-14	20827	12:47	13:24	CB_20827.dat	 1.8G	37	  20nA, diamond PARA, 3mm colli, LH2, M>=2 E>100 MeV 
2008-12-14	20828	13:24	14:00	CB_20828.dat	 1.8G	36	  20nA, diamond PARA, 3mm colli, LH2, M>=2 E>100 MeV            
2008-12-14	20829	14:00	14:37	CB_20829.dat	 1.8G	37	  20nA, diamond PARA, 3mm colli, LH2, M>=2 E>100 MeV            
2008-12-14	20830	14:37	15:13	CB_20830.dat	 1.8G	36	  20nA, diamond PARA, 3mm colli, LH2, M>=2 E>100 MeV 
2008-12-14	20831	15:13	15:50	CB_20831.dat	 1.8G	37	  20nA, diamond PERP, 3mm colli, LH2, M>=2 E>100 MeV
2008-12-14	20832	15:50	16:24	CB_20832.dat	 1.3G	34	  20nA, diamond PERP, 3mm colli, LH2, M>=2 E>100 MeV  
2008-12-14	20833	16:24	18:04	CB_20833.dat	 1.8G	100	  20nA, diamond PERP, 3mm coll, Empty, M>=2 E>100 MeV
2008-12-14	20834	18:04	19:43	CB_20834.dat	 1.8G	99	  20nA, diamond PERP, 3mm coll, Empty, M>=2 E>100 MeV
2008-12-14	20840	21:50	23:31	CB_20840.dat	 1.8G	101	  20 nA, 3mm coll, Empty, M>=2 E>100 
2008-12-15	20841	23:31	01:13	CB_20841.dat	 1.8G	102	  20 nA, 3mm coll, Empty, M>=2 E>100 
2008-12-15	20842	01:13	02:53	CB_20842.dat	 1.8G	100	  20 nA, 3mm coll, Empty, M>=2 E>100 
2008-12-15	20843	02:53	04:33	CB_20843.dat	 1.8G	100	  20 nA, 3mm coll, Empty, M>=2 E>100 
2008-12-15	20844	04:33	06:14	CB_20844.dat	 1.8G	101	  20 nA, 3mm coll, Empty, M>=2 E>100 
2008-12-15	20845	06:14	06:15	CB_20845.dat	  24M	 1	  20 nA, 3mm coll, Empty, M>=2 E>100 
2008-12-16	20846	10:34	11:04	CB_20846.dat	 1.3G	30	  5nA, 10mm Cu, 3mm colli, LH2, M>=2, E>100 MeV
2008-12-16	20847	11:04	11:49	CB_20847.dat	 1.8G	45	  20nA, 10mmCu, 3mmColl, LH2, M>=2 E>100MeV
2008-12-16	20848	11:53	12:03	CB_20848.dat	 479M	10	  20nA, diamond-PARA, 3mmColl, LH2, M>=2 E>100MeV
2008-12-16	20849	12:03	12:41	CB_20849.dat	 1.8G	38	  20nA, diamond-PERP, 3mmColl, LH2, M>=2 E>100MeV
2008-12-16	20850	12:41	13:19	CB_20850.dat	 1.8G	38	  20nA, diamond-PERP, 3mmColl, LH2, M>=2 E>100MeV 
2008-12-16	20851	13:19	13:57	CB_20851.dat	 1.8G	38	  20nA, diamond-PARA, 3mmColl, LH2, M>=2 E>100MeV
2008-12-16	20852	13:57	14:34	CB_20852.dat	 1.8G	37	  20nA, diamond-PARA, 3mmColl, LH2, M>=2 E>100MeV
2008-12-16	20853	16:03	16:09	CB_20853.dat	  38M	 6	  2nA, diamond-PERP, 3mmColl, LH2, M>=2 E>100
2008-12-16	20854	16:10	16:56	CB_20854.dat	 534M	46	 5 nA,diamond-PERP, 3mmColl, LH2, M>=2 E>100
2008-12-16	20855	17:19	18:23	CB_20855.dat	 1.7G	64	 5 nA,diamond-PERP, 3mmColl, LH2, M>=2 E>100
2008-12-16	20856	18:23	18:46	CB_20856.dat	 760M	23	  5nA, 10mmCu, 3mmColl, LH2, M>=2 E>100MeV
2008-12-16	20857	18:46	19:03	CB_20857.dat	 793M	17	  20nA, diamond-PARA, 3mmColl, LH2, M>=2 E>100MeV
2008-12-16	20858	19:03	19:41	CB_20858.dat	 1.8G	38	  20nA, diamond-PARA, 3mmColl, LH2, M>=2 E>100MeV
2008-12-16	20859	19:45	20:21	CB_20859.dat	 1.8G	36	  20nA, diamond-PARA, 3mmColl, LH2, M>=2 E>100MeV
2008-12-16	20860	20:21	20:58	CB_20860.dat	 1.8G	37	  20nA, diamond-PARA, 3mmColl, LH2, M>=2 E>100MeV
2008-12-16	20861	20:58	21:34	CB_20861.dat	 1.8G	36	  20nA, diamond-PARA, 3mmColl, LH2, M>=2 E>100MeV
2008-12-16	20862	21:42	22:18	CB_20862.dat	 1.8G	36	  20nA, diamond-PERP, 3mmColl, LH2, M>=2 E>100MeV
2008-12-16	20863	22:18	22:54	CB_20863.dat	 1.8G	36	  20nA, diamond-PERP, 3mmColl, LH2, M>=2 E>100MeV
2008-12-16	20864	22:54	23:30	CB_20864.dat	 1.8G	36	  20nA, diamond-PERP, 3mmColl, LH2, M>=2 E>100MeV
2008-12-17	20865	23:30	00:09	CB_20865.dat	 1.8G	39	  20nA, diamond-PERP, 3mmColl, LH2, M>=2 E>100MeV
2008-12-17	20866	00:09	00:46	CB_20866.dat	 1.8G	37	  20nA, diamond-PARA, 3mmColl, LH2, M>=2 E>100MeV 
2008-12-17	20867	00:46	01:23	CB_20867.dat	 1.8G	37	  20nA, diamond-PARA, 3mmColl, LH2, M>=2 E>100MeV 
2008-12-17	20868	01:23	02:00	CB_20868.dat	 1.8G	37	  20nA, diamond-PARA, 3mmColl, LH2, M>=2 E>100MeV 
2008-12-17	20869	02:00	02:38	CB_20869.dat	 1.9G	38	  20nA, diamond-PARA, 3mmColl, LH2, M>=2 E>100MeV    
2008-12-17	20870	02:38	03:14	CB_20870.dat	 1.8G	36	  20nA, diamond-PERP, 3mmColl, LH2, M>=2 E>100MeV                    
2008-12-17	20871	03:14	03:51	CB_20871.dat	 1.8G	37	  20nA, diamond-PERP, 3mmColl, LH2, M>=2 E>100MeV      
2008-12-17	20872	03:51	04:29	CB_20872.dat	 1.8G	38	  20nA, diamond-PERP, 3mmColl, LH2, M>=2 E>100MeV  
2008-12-17	20873	04:29	05:08	CB_20873.dat	 1.8G	39	  20nA, diamond-PERP, 3mmColl, LH2, M>=2 E>100MeV
2008-12-17	20874	05:43	06:20	CB_20874.dat	 1.8G	37	  20nA, diamond-PARA, 3mmColl, LH2, M>=2 E>100MeV    
2008-12-17	20875	06:20	06:36	CB_20875.dat	 670M	16	  20nA, diamond-PARA, 3mmColl, LH2, M>=2 E>100MeV 
2008-12-17	20876	06:36	10:24	CB_20876.dat	 544K	228	  20nA, diamond-PARA, 3mmColl, LH2, M>=2 E>100MeV                        
2008-12-17	20877	10:27	11:14	CB_20877.dat	 1.8G	47	  5nA, 10mmCu, 3mmColl, LH2, M>=2 E>100MeV
2008-12-17	20878	11:14	11:34	CB_20878.dat	 966M	20	  20nA, diamond-PARA, 3mmColl, LH2, M>=2 E>100MeV
2008-12-17	20879	11:34	12:11	CB_20879.dat	 1.8G	37	  20nA, diamond-PARA, 3mmColl, LH2, M>=2 E>100MeV
2008-12-17	20880	12:11	12:48	CB_20880.dat	 1.8G	37	  20nA, diamond-PARA, 3mmColl, LH2, M>=2 E>100MeV
2008-12-17	20881	12:48	12:57	CB_20881.dat	 395M	 9	  20nA, diamond-PERP, 3mmColl, LH2, M>=2 E>100MeV
2008-12-17	20882	12:57	13:52	CB_20882.dat	 182M	55	  20nA, diamond-PERP, 3mmColl, LH2, M>=2 E>100MeV
2008-12-17	20883	13:52	14:29	CB_20883.dat	 1.8G	37	  20nA, diamond-PERP, 3mmColl, LH2, M>=2 E>100MeV
2008-12-17	20884	14:29	15:05	CB_20884.dat	 1.8G	36	  20nA, diamond-PERP, 3mmColl, LH2, M>=2 E>100MeV
2008-12-17	20889	16:47	16:54	CB_20889.dat	 339M	 7	  20nA, diamond-PERP, 3mmColl, LH2, M>=2 E>100MeV
2008-12-17	20890	16:56	17:36	CB_20890.dat	 1.8G	40	  20nA, diamond-PERP, 3mmColl, LH2, M>=2 E>100MeV
2008-12-17	20891	17:35	17:43	CB_20891.dat	  60M	 8	  2nA, diamond-PERP, 3mmColl, LH2, M_>=2 E>100MeV
2008-12-17	20892	17:43	18:00	CB_20892.dat	 261M	17	  5nA, diamond-PERP, 3mmColl, LH2, M>=2 E>100MeV
2008-12-17	20893	18:00	18:39	CB_20893.dat	 1.8G	39	  20nA, diamond-PERP, 3mmColl, LH2, M>=2 E>100MeV 
2008-12-17	20894	18:39	19:17	CB_20894.dat	 1.8G	38	  20nA, diamond-PERP, 3mmColl, LH2, M>=2 E>100MeV 
2008-12-17	20895	19:17	19:55	CB_20895.dat	 1.8G	38	  20nA, diamond-PERP, 3mmColl, LH2, M>=2 E>100MeV 
2008-12-18	20896	20:04	02:51	CB_20896.dat	 1.3G	407	  20nA, diamond-PARA, 3mmColl, LH2, M>=2 E>100MeV
2008-12-18	20897	04:14	04:51	CB_20897.dat	 1.8G	37	  20nA, diamond-PERP, 3mmColl, LH2, M>=2 E>100MeV
2008-12-18	20898	04:51	05:28	CB_20898.dat	 1.8G	37	  20nA, diamond-PERP, 3mmColl, LH2, M>=2 E>100MeV
2008-12-18	20899	05:54	06:31	CB_20899.dat	 1.8G	37	  20nA, diamond-PARA, 3mmColl, LH2, M>=2 E>100MeV
2008-12-18	20900	06:31	07:09	CB_20900.dat	 1.8G	38	  20nA, diamond-PARA, 3mmColl, LH2, M>=2 E>100MeV
2008-12-18	20901	07:09	07:47	CB_20901.dat	 1.8G	38	  20nA, diamond-PARA, 3mmColl, LH2, M>=2 E>100MeV
2008-12-18	20902	07:47	08:24	CB_20902.dat	 1.8G	37	  20nA, diamond-PARA, 3mmColl, LH2, M>=2 E>100MeV
2008-12-18	20903	08:24	09:00	CB_20903.dat	 1.8G	36	  20nA, diamond-PARA, 3mmColl, LH2, M>=2 E>100MeV  
2008-12-18	20904	09:00	09:38	CB_20904.dat	 1.9G	38	  20nA, diamond-PARA, 3mmColl, LH2, M>=2 E>100MeV     
2008-12-18	20905	09:38	10:13	CB_20905.dat	 1.8G	35	  20nA, diamond PERP, 3mm colli, LH2, M>=2 E>100 MeV
2008-12-18	20906	10:13	10:48	CB_20906.dat	 1.8G	35	  20nA, diamond PERP, 3mm colli, LH2, M>=2 E>100 MeV      
2008-12-18	20907	10:48	11:22	CB_20907.dat	 1.8G	34	  20nA, diamond PERP, 3mm colli, LH2, M>=2 E>100 MeV   
2008-12-18	20908	11:22	11:55	CB_20908.dat	 1.8G	33	  20nA, diamond PERP, 3mm colli, LH2, M>=2 E>100 MeV  
2008-12-18	20914	14:52	15:28	CB_20914.dat	 1.8G	36	  20nA, diamond PARA,  3mm colli, LH2, M>=2 E>100 MeV
2008-12-18	20915	15:28	16:05	CB_20915.dat	 1.8G	37	  20nA, diamond PARA,  3mm colli, LH2, M>=2 E>100 MeV
2008-12-18	20916	16:05	16:30	CB_20916.dat	 769M	25	  20nA, diamond PARA,  3mm colli, LH2, M>=2 E>100 MeV
2008-12-18	20917	16:30	17:07	CB_20917.dat	 1.8G	37	  20nA, diamond PARA,  3mm colli, LH2, M>=2 E>100 MeV    
2008-12-18	20918	17:07	17:45	CB_20918.dat	 1.8G	38	  20nA, diamond PARA,  3mm colli, LH2, M>=2 E>100 MeV    
2008-12-18	20919	17:55	18:31	CB_20919.dat	 1.8G	36	  20nA, diamond PERP, 3mm colli, LH2, M>=2 E>100 MeV 
2008-12-18	20920	18:31	19:07	CB_20920.dat	 1.8G	36	  20nA, diamond PERP, 3mm colli, LH2, M>=2 E>100 MeV 
2008-12-18	20921	19:07	19:43	CB_20921.dat	 1.8G	36	  20nA, diamond PERP, 3mm colli, LH2, M>=2 E>100 MeV 
2008-12-18	20922	19:43	20:20	CB_20922.dat	 1.8G	37	  20nA, diamond PERP, 3mm colli, LH2, M>=2 E>100 MeV 
2008-12-18	20923	20:25	21:02	CB_20923.dat	 1.8G	37	  20nA, diamond PARA, 3mm colli, LH2, M>=2 E>100 MeV 
2008-12-18	20924	21:01	21:38	CB_20924.dat	 1.8G	37	  20nA, diamond PARA, 3mm colli, LH2, M>=2 E>100 MeV
2008-12-18	20925	21:38	22:15	CB_20925.dat	 1.8G	37	  20nA, diamond PARA, 3mm colli, LH2, M>=2 E>100 MeV
2008-12-18	20926	22:15	22:51	CB_20926.dat	 1.8G	36	  20nA, diamond PARA, 3mm colli, LH2, M>=2 E>100 MeV
2008-12-18	20927	22:58	23:34	CB_20927.dat	 1.8G	36	  20nA, diamond PERP, 3mm colli, LH2, M>=2 E>100 MeV
2008-12-19	20928	23:34	00:10	CB_20928.dat	 1.8G	36	  20nA, diamond PERP, 3mm colli, LH2, M>=2 E>100 MeV 
2008-12-19	20929	00:10	00:46	CB_20929.dat	 1.8G	36	  20nA, diamond PERP, 3mm colli, LH2, M>=2 E>100 MeV 
2008-12-19	20930	00:46	01:24	CB_20930.dat	 1.8G	38	  20nA, diamond PERP, 3mm colli, LH2, M>=2 E>100 MeV 
2008-12-19	20931	01:24	02:00	CB_20931.dat	 1.8G	36	  20nA, diamond PARA, 3mm colli, LH2, M>=2 E>100 MeV 
2008-12-19	20932	02:00	02:36	CB_20932.dat	 1.8G	36	  20nA, diamond PARA, 3mm colli, LH2, M>=2 E>100 MeV 
2008-12-19	20933	02:36	03:12	CB_20933.dat	 1.8G	36	  20nA, diamond PARA, 3mm colli, LH2, M>=2 E>100 MeV 
2008-12-19	20934	03:12	03:49	CB_20934.dat	 1.8G	37	  20nA, diamond PARA, 3mm colli, LH2, M>=2 E>100 MeV 
2008-12-19	20935	03:49	04:25	CB_20935.dat	 1.8G	36	  20nA, diamond PERP, 3mm colli, LH2, M>=2 E>100 MeV 
2008-12-19	20936	04:25	05:01	CB_20936.dat	 1.8G	36	  20nA, diamond PERP, 3mm colli, LH2, M>=2 E>100 MeV 
2008-12-19	20937	05:00	05:36	CB_20937.dat	 1.8G	36	  20nA, diamond PERP, 3mm colli, LH2, M>=2 E>100 MeV 
2008-12-19	20938	05:36	06:13	CB_20938.dat	 1.8G	37	  20nA, diamond PERP, 3mm colli, LH2, M>=2 E>100 MeV 
2008-12-19	20939	06:13	06:49	CB_20939.dat	 1.8G	36	  20nA, diamond PARA, 3mm colli, LH2, M>=2 E>100 MeV  
2008-12-19	20940	06:49	07:24	CB_20940.dat	 1.8G	35	  20nA, diamond PARA, 3mm colli, LH2, M>=2 E>100 MeV  
2008-12-19	20941	07:24	08:00	CB_20941.dat	 1.8G	36	  20nA, diamond PARA, 3mm colli, LH2, M>=2 E>100 MeV  
2008-12-19	20942	08:00	08:37	CB_20942.dat	 1.8G	37	  20nA, diamond PARA, 3mm colli, LH2, M>=2 E>100 MeV
2008-12-19	20943	08:36	09:12	CB_20943.dat	 1.8G	36	  20nA, diamond-PERP, 3mmColl, LH2, M>=2 E>100MeV   
2008-12-19	20944	09:12	09:48	CB_20944.dat	 1.8G	36	  20nA, diamond-PERP, 3mmColl, LH2, M>=2 E>100MeV                         
2008-12-19	20945	09:47	10:23	CB_20945.dat	 1.8G	36	  20nA, diamond-PERP, 3mmColl, LH2, M>=2 E>100MeV     
2008-12-19	20946	10:23	10:59	CB_20946.dat	 1.8G	36	  20nA, diamond-PERP, 3mmColl, LH2, M>=2 E>100MeV  
2008-12-19	20947	10:59	11:35	CB_20947.dat	 1.8G	36	  20nA, diamond-PARA, 3mmColl, LH2, M>=2 E>100MeV
2008-12-19	20948	11:35	12:11	CB_20948.dat	 1.8G	36	  20nA, diamond-PARA, 3mmColl, LH2, M>=2 E>100MeV    
2008-12-19	20954	14:27	15:03	CB_20954.dat	 1.8G	36	  20nA, diamond-PARA, 3mmColl, LH2, M>=2 E>100MeV
2008-12-19	20955	15:03	15:41	CB_20955.dat	 1.8G	38	  20nA, diamond-PARA, 3mmColl, LH2, M>=2 E>100MeV
2008-12-19	20956	15:41	16:17	CB_20956.dat	 1.8G	36	  20nA, diamond-PERP, 3mmColl, LH2, M>=2 E>100MeV  
2008-12-19	20957	16:17	16:54	CB_20957.dat	 1.8G	37	  20nA, diamond-PERP, 3mmColl, LH2, M>=2 E>100MeV
2008-12-19	20958	16:54	17:30	CB_20958.dat	 1.8G	36	  20nA, diamond-PERP, 3mmColl, LH2, M>=2 E>100MeV
2008-12-19	20959	17:30	18:07	CB_20959.dat	 1.8G	37	  20nA, diamond-PERP, 3mmColl, LH2, M>=2 E>100MeV
2008-12-19	20960	18:11	18:47	CB_20960.dat	 1.8G	36	  20nA, diamond-PARA, 3mmColl, LH2, M>=2 E>100MeV
2008-12-19	20961	18:47	19:23	CB_20961.dat	 1.8G	36	  20nA, diamond-PARA, 3mmColl, LH2, M>=2 E>100MeV
2008-12-19	20962	19:23	20:00	CB_20962.dat	 1.9G	37	  20nA, diamond-PARA, 3mmColl, LH2, M>=2 E>100MeV
2008-12-19	20963	20:00	20:37	CB_20963.dat	 1.8G	37	  20nA, diamond-PARA, 3mmColl, LH2, M>=2 E>100MeV
2008-12-19	20964	20:37	21:14	CB_20964.dat	 1.8G	37	  20nA, diamond-PERP, 3mmColl, LH2, M>=2 E>100MeV
2008-12-19	20965	21:14	21:42	CB_20965.dat	 826M	28	  20nA, diamond-PERP, 3mmColl, LH2, M>=2 E>100MeV
2008-12-19	20966	21:42	23:28	CB_20966.dat	 1.8G	106	  20nA, diamond-PERP, 3mmColl, empty, M>=2 E>100MeV
2008-12-20	20967	23:28	01:14	CB_20967.dat	 1.8G	106	  20nA, diamond-PARA, 3mmColl, empty, M>=2 E>100MeV
2008-12-20	20968	01:14	03:00	CB_20968.dat	 1.8G	106	  20nA, diamond-PARA, 3mmColl, empty, M>=2 E>100MeV
2008-12-20	20969	03:00	04:47	CB_20969.dat	 1.8G	107	  20nA, diamond-PERP, 3mmColl, empty, M>=2 E>100MeV
2008-12-20	20970	04:47	06:37	CB_20970.dat	 1.8G	110	  20nA, diamond-PERP, 3mmColl, empty, M>=2 E>100MeV
2008-12-20	20971	06:37	08:27	CB_20971.dat	 1.8G	110	  20nA, diamond-PARA, 3mmColl, empty, M>=2 E>100MeV
2008-12-20	20972	08:27	10:18	CB_20972.dat	 1.8G	111	  20nA, diamond-PARA, 3mmColl, empty, M>=2 E>100MeV  
2008-12-20	20973	10:18	11:01	CB_20973.dat	 655M	43	  20nA, diamond-PERP, 3mmColl, empty, M>=2 E>100MeV
2008-12-20	20974	11:01	12:52	CB_20974.dat	 1.8G	111	  20nA, diamond-PERP, 3mmColl, empty, M>=2 E>100MeV 
2008-12-20	20975	12:52	14:40	CB_20975.dat	 1.8G	108	  20nA, diamond-PERP, 3mmColl, empty, M>=2 E>100MeV 
2008-12-20	20981	16:35	16:58	CB_20981.dat	 363M	23	  20nA, diamond-PARA, 3mmColl, LH2, M>=2 E>100MeV
2008-12-20	20982	16:58	18:50	CB_20982.dat	 1.8G	112	  20nA, diamond-PARA, 3mmColl, LH2, M>=2 E>100MeV 
2008-12-20	20983	18:50	19:17	CB_20983.dat	 272M	27	  20nA, diamond-PARA, 3mmColl, EMPTY, M>=2 E>100MeV
2008-12-20	20984	19:17	20:45	CB_20984.dat	 1.8G	88	  20nA, PARA, 3mm, LH2 filling from 19:15, M>=2 E>100MeV
2008-12-20	20985	20:45	21:23	CB_20985.dat	 1.8G	38	  20nA, PARA, 3mm, LH2 filling from 19:15, M>=2 E>100MeV
2008-12-20	20986	21:23	22:00	CB_20986.dat	 1.8G	37	  20nA, PARA, 3mm, LH2, M>=2 E>100MeV
2008-12-20	20987	22:00	22:37	CB_20987.dat	 1.8G	37	  20nA, PARA, 3mm, LH2 10cm, M>=2 E>100MeV
2008-12-20	20988	22:37	23:17	CB_20988.dat	 1.8G	40	  20nA, PARA, 3mm, LH2 10cm, M>=2 E>100MeV
2008-12-20	20989	23:17	23:54	CB_20989.dat	 1.8G	37	  20nA, diamond-PERP, 3mmColl, LH2, M>=2 E>100MeV
2008-12-21	20990	23:54	00:31	CB_20990.dat	 1.8G	37	  20nA, diamond-PERP, 3mmColl, LH2, M>=2 E>100MeV
2008-12-21	20991	00:31	01:09	CB_20991.dat	 1.8G	38	  20nA, diamond-PERP, 3mmColl, LH2, M>=2 E>100MeV
2008-12-21	20992	01:09	01:46	CB_20992.dat	 1.8G	37	 
2008-12-21	20993	01:46	02:24	CB_20993.dat	 1.8G	38	  20nA, PARA, 3mm, LH2 10cm, M>=2 E>100MeV
2008-12-21	20994	02:23	03:00	CB_20994.dat	 1.8G	37	  20nA, PARA, 3mm, LH2 10cm, M>=2 E>100MeV
2008-12-21	20995	03:00	03:37	CB_20995.dat	 1.8G	37	  20nA, PARA, 3mm, LH2 10cm, M>=2 E>100MeV
2008-12-21	20996	03:37	04:15	CB_20996.dat	 1.8G	38	  20nA, PARA, 3mm, LH2 10cm, M>=2 E>100MeV
2008-12-21	20997	04:15	04:52	CB_20997.dat	 1.8G	37	  20nA, PARA, 3mm, LH2 10cm, M>=2 E>100MeV
2008-12-21	20998	04:52	05:29	CB_20998.dat	 1.8G	37	  20nA, PARA, 3mm, LH2 10cm, M>=2 E>100MeV
2008-12-21	20999	05:29	06:06	CB_20999.dat	 1.8G	37	  20nA, perp, 3mm, LH2 10cm, M>=2 E>100MeV
2008-12-21	21000	06:06	06:44	CB_21000.dat	 1.8G	38	  20nA, perp, 3mm, LH2 10cm, M>=2 E>100MeV
2008-12-21	21001	06:44	07:21	CB_21001.dat	 1.8G	37	  20nA, PARA, 3mm, LH2 10cm, M>=2 E>100MeV
2008-12-21	21002	07:21	07:58	CB_21002.dat	 1.8G	37	  20nA, PARA, 3mm, LH2 10cm, M>=2 E>100MeV
2008-12-21	21003	07:58	08:35	CB_21003.dat	 1.8G	37	  20nA, PARA, 3mm, LH2 10cm, M>=2 E>100MeV
2008-12-21	21004	08:35	09:01	CB_21004.dat	 1.3G	26	  20nA, PARA, 3mm, LH2 10cm, M>=2 E>100MeV
2008-12-21	21005	09:23	09:23	CB_21005.dat	  16M	 0	  20nA, PARA, 3mm, LH2 10cm, M>=2 E>100MeV
2008-12-21	21006	09:27	10:04	CB_21006.dat	 1.8G	37	  20nA, PARA, 3mm, LH2 10cm, M>=2 E>100MeV
2008-12-21	21007	10:04	10:42	CB_21007.dat	 1.8G	38	  20nA, PARA, 3mm, LH2 10cm, M>=2 E>100MeV
2008-12-21	21008	10:42	11:19	CB_21008.dat	 1.8G	37	  20nA, PERP, 3mm, LH2 10cm, M>=2 E>100MeV
2008-12-21	21009	11:19	11:55	CB_21009.dat	 1.8G	36	  20nA, PERP, 3mm, LH2 10cm, M>=2 E>100MeV
2008-12-21	21010	12:03	12:09	CB_21010.dat	 152M	 6	  20nA, PERP, 3mm, LH2 10cm, M>=2 E>100MeV
2008-12-21	21011	12:08	12:46	CB_21011.dat	 1.8G	38	  20nA, PERP, 3mm, LH2 10cm, M>=2 E>100
2008-12-21	21012	12:46	13:23	CB_21012.dat	 1.8G	37	  20nA, PERP, 3mm, LH2 10cm, M>=2 E>100MeV
2008-12-21	21013	13:23	14:00	CB_21013.dat	 1.8G	37	  20nA, PARA, 3mm, LH2 10cm, M>=2 E>100MeV
2008-12-21	21014	14:00	14:37	CB_21014.dat	 1.8G	37	  20nA, PARA, 3mm, LH2 10cm, M>=2 E>100MeV
2008-12-21	21015	14:37	15:14	CB_21015.dat	 1.8G	37	  20nA, PARA, 3mm, LH2 10cm, M>=2 E>100MeV
2008-12-21	21016	15:14	15:51	CB_21016.dat	 1.8G	37	  20nA, PARA, 3mm, LH2 10cm, M>=2 E>100MeV
2008-12-21	21017	15:51	16:29	CB_21017.dat	 1.8G	38	  20nA, PERP, 3mm, LH2 10cm, M>=2 E>100MeV
2008-12-21	21018	16:29	17:06	CB_21018.dat	 1.8G	37	  20nA, PERP, 3mm, LH2 10cm, M>=2 E>100MeV 
2008-12-21	21019	17:06	17:43	CB_21019.dat	 1.8G	37	  20nA, PERP, 3mm, LH2 10cm, M>=2 E>100MeV
2008-12-21	21020	17:43	18:22	CB_21020.dat	 1.8G	39	  20nA, PERP, 3mm, LH2 10cm, M>=2 E>100MeV 
2008-12-21	21021	18:22	18:59	CB_21021.dat	 1.8G	37	  20nA, PARA,  3mm, LH2 10cm, M>=2 E>100MeV
2008-12-21	21022	18:59	19:35	CB_21022.dat	 1.8G	36	  20nA, PARA,  3mm, LH2 10cm, M>=2 E>100MeV 
2008-12-21	21023	19:35	20:12	CB_21023.dat	 1.8G	37	  20nA, PARA,  3mm, LH2 10cm, M>=2 E>100MeV 
2008-12-21	21024	20:12	20:51	CB_21024.dat	 1.8G	39	  20nA, PARA,  3mm, LH2 10cm, M>=2 E>100MeV 
2008-12-21	21025	20:51	21:28	CB_21025.dat	 1.8G	37	  20nA, PERP, 3mm, LH2 10cm, M>=2 E>100MeV 
2008-12-21	21026	21:28	22:05	CB_21026.dat	 1.8G	37	  20nA, PERP, 3mm, LH2 10cm, M>=2 E>100MeV 
2008-12-21	21027	22:05	22:42	CB_21027.dat	 1.8G	37	  20nA, PERP, 3mm, LH2 10cm, M>=2 E>100MeV 
2008-12-21	21028	22:42	23:20	CB_21028.dat	 1.8G	38	  20nA, PERP, 3mm, LH2 10cm, M>=2 E>100MeV 
2008-12-22	21029	23:23	00:16	CB_21029.dat	  49M	53	  20nA, PARA,  3mm, LH2 10cm, M>=2 E>100MeV
2008-12-22	21030	00:16	00:30	CB_21030.dat	 680M	14	  20nA, PARA,  3mm, LH2 10cm, M>=2 E>100
2008-12-22	21031	00:30	01:08	CB_21031.dat	 1.8G	38	  20nA, PARA,  3mm, LH2 10cm, M>=2 E>100
2008-12-22	21032	01:07	01:45	CB_21032.dat	 1.8G	38	  20nA, PARA,  3mm, LH2 10cm, M>=2 E>100MeV
2008-12-22	21033	01:45	02:23	CB_21033.dat	 1.8G	38	  20nA, PARA,  3mm, LH2 10cm, M>=2 E>100MeV
2008-12-22	21034	02:23	03:01	CB_21034.dat	 1.8G	38	  20nA, PERP,  3mm, LH2 10cm, M>=2 E>100MeV
2008-12-22	21035	03:01	03:38	CB_21035.dat	 1.8G	37	  20nA, PERP,  3mm, LH2 10cm, M>=2 E>100MeV
2008-12-22	21036	03:38	04:15	CB_21036.dat	 1.8G	37	  20nA, PERP,  3mm, LH2 10cm, M>=2 E>100MeV
2008-12-22	21037	04:15	04:54	CB_21037.dat	 1.8G	39	  20nA, PERP,  3mm, LH2 10cm, M>=2 E>100MeV
2008-12-22	21038	04:54	05:17	CB_21038.dat	 764M	23	  20nA, PARA,  3mm, LH2 10cm, M>=2 E>100MeV
2008-12-22	21039	05:17	05:45	CB_21039.dat	 1.3G	28	  20nA, PARA,  3mm, LH2 10cm, M>=2 E>100MeV
2008-12-22	21040	05:45	06:22	CB_21040.dat	 1.8G	37	  20nA, PARA,  3mm, LH2 10cm, M>=2 E>100MeV
2008-12-22	21041	06:22	07:00	CB_21041.dat	 1.8G	38	  20nA, PARA,  3mm, LH2 10cm, M>=2 E>100MeV                                   
2008-12-22	21042	07:00	07:38	CB_21042.dat	 1.8G	38	  20nA, PARA,  3mm, LH2 10cm, M>=2 E>100MeV
2008-12-22	21043	07:38	08:31	CB_21043.dat	 1.8G	53	  20nA, PARA,  3mm, LH2 10cm, M>=2 E>100MeV                                   
2008-12-22	21044	08:31	08:44	CB_21044.dat	 652M	13	  20nA, PERP, 3mmColl, LH2 10cm, M>=2 E>100MeV 
2008-12-22	21045	08:44	08:49	CB_21045.dat	 249M	 5	  20nA, PERP, 3mmColl, LH2 10cm, M>=2 E>100MeV 
2008-12-22	21046	08:53	09:30	CB_21046.dat	 1.8G	37	  20nA, PERP, 3mmColl, LH2 10cm, M>=2 E>100MeV 
2008-12-22	21047	09:30	10:08	CB_21047.dat	 1.8G	38	  20nA, PERP, 3mmColl, LH2 10cm, M>=2 E>100MeV 
2008-12-22	21048	10:08	10:45	CB_21048.dat	 1.8G	37	  20nA, PERP, 3mmColl, LH2 10cm, M>=2 E>100MeV 
2008-12-22	21049	10:45	11:23	CB_21049.dat	 1.8G	38	  20nA, PERP, 3mmColl, LH2 10cm, M>=2 E>100MeV 
2008-12-22	21050	11:34	12:15	CB_21050.dat	 905M	41	  20nA, PARA, 3mm, LH2 10cm, M>=2 E>100MeV 
2008-12-22	21051	12:28	13:06	CB_21051.dat	 1.8G	38	  20nA, PARA, 3mm, LH2 10cm, M>=2 E>100MeV 
2008-12-22	21052	13:06	13:15	CB_21052.dat	 183M	 9	  20nA, PARA, 3mm, LH2 10cm, M>=2 E>100MeV 
2008-12-22	21053	13:24	15:39	CB_21053.dat	 1.8G	135	  20nA, PARA, 3mm, empty target (cold gas), M>=2 E>100MeV
2008-12-22	21054	15:39	16:01	CB_21054.dat	 354M	22	  20nA, PARA, 3mm, empty target (pumped, p<1mbar), M>=2 E>100MeV 
2008-12-22	21060	18:16	20:07	CB_21060.dat	 1.8G	111	  20nA, PARA, 3mm, empty target (pumped, p<1mbar), M>=2 E>100MeV
2008-12-22	21061	20:07	22:01	CB_21061.dat	 1.8G	114	  20nA, PARA, 3mm, empty target (pumped, p<1mbar), M>=2 E>100MeV
2008-12-23	21062	22:16	00:08	CB_21062.dat	 1.8G	112	  20nA, PERP, 3mm, empty target (pumped, p<1mbar), M>=2 E>100MeV
2008-12-23	21063	00:07	01:59	CB_21063.dat	 1.8G	112	  20nA, PARAP, 3mm, empty target (pumped, p<1mbar), M>=2 E>100MeV
2008-12-23	21064	01:59	03:51	CB_21064.dat	 1.8G	112	  20nA, PERP, 3mm, empty target (pumped, p<1mbar), M>=2 E>100MeV
2008-12-23	21065	03:51	05:43	CB_21065.dat	 1.8G	112	  20nA, PARA, 3mm, empty target (pumped, p<1mbar), M>=2 E>100MeV
2008-12-23	21066	05:43	06:09	CB_21066.dat	 318M	26	  20nA, PERP, 3mm, empty target (pumped, p<1mbar), M>=2 E>100MeV
2008-12-23	21067	06:09	11:55	CB_21067.dat	 1.8G	346	  background only
