298.8  1.92749  0.4205
296.4  1.20271  0.375051
294  1.53242  0.400541
291.5  1.47877  0.38389
289.1  0.36787  0.318548
286.7  0.912995  0.328733
284.3  0.343123  0.236459
281.9  0.944245  0.315817
279.4  1.4464  0.354773
277  1.01616  0.29962
274.6  1.03965  0.336578
272.1  1.26063  0.375378
269.7  1.12578  0.340511
267.3  1.05933  0.343829
264.9  0.934017  0.338685
262.4  0.836321  0.519145
260  0.732876  0.288079
257.6  0.84943  0.28118
255.2  1.12535  0.426931
252.7  1.44216  0.547639
250.3  0.757268  0.300584
247.9  0.421652  0.228878
245.5  0.975469  0.353716
243  0.367792  0.264453
240.6  0.889569  0.357545
