298.8  1.21196  0.0404688
296.4  1.14689  0.0436859
294  1.28276  0.0438715
291.5  1.21833  0.0420215
289.1  0.890109  0.0498981
286.7  1.02038  0.0416046
284.3  1.12908  0.0406837
281.9  1.11908  0.0399309
279.4  0.993373  0.0360854
277  1.04213  0.0378023
274.6  1.00248  0.0389259
272.1  1.0316  0.0412291
269.7  1.24918  0.0421657
267.3  1.05685  0.0423241
264.9  0.976745  0.040687
262.4  0.958363  0.0643806
260  0.950507  0.0382146
257.6  0.67881  0.0307697
255.2  0.687624  0.0391885
252.7  0.886404  0.0525348
250.3  0.799586  0.037979
247.9  0.631851  0.0319152
245.5  0.616116  0.0351439
243  0.622212  0.0369913
240.6  0.659316  0.0364646
