20851 0.7549 0.6892 1.0953
20852 0.7587 0.6941 1.0930
20854 0.7592 0.6950 1.0923
20855 0.9339 0.8839 1.0566
20858 0.7553 0.6941 1.0881
20859 0.7472 0.6816 1.0962
20860 0.7465 0.6810 1.0961
20861 0.7462 0.6814 1.0951
20862 0.7461 0.6811 1.0954
20863 0.7433 0.6783 1.0958
20864 0.7435 0.6784 1.0959
20865 0.7440 0.6781 1.0972
20865 0.7434 0.6783 1.0961
20867 0.7474 0.6807 1.0980
20868 0.7478 0.6830 1.0949
20869 0.7485 0.6838 1.0946
20870 0.7490 0.6841 1.0949
20871 0.7466 0.6823 1.0942
20872 0.7471 0.6826 1.0944
20873 0.7479 0.6840 1.0934
20874 0.7558 0.6937 1.0895
20875 0.7456 0.6795 1.0972
20879 0.7759 0.7178 1.0809
20880 0.7522 0.6859 1.0967
20883 0.7501 0.6780 1.1063
20884 0.7463 0.6797 1.0979
20890 0.7457 0.6813 1.0945
20893 0.7550 0.6937 1.0884
20894 0.7607 0.6985 1.0890
20895 0.7597 0.6978 1.0887
20896 0.7587 0.6965 1.0893
20897 0.7608 0.6984 1.0894
20898 0.7485 0.6810 1.0991
20899 0.7467 0.6797 1.0985
20900 0.7581 0.6966 1.0882
20900 0.7568 0.6957 1.0879
20902 0.7555 0.6944 1.0880
20903 0.7685 0.7069 1.0871
20904 0.7403 0.6749 1.0970
20905 0.7580 0.6939 1.0923
20906 0.7310 0.6690 1.0926
20907 0.7277 0.6667 1.0914
20908 0.7243 0.6644 1.0902
20914 0.7205 0.6614 1.0894
20915 0.7505 0.6832 1.0985
20916 0.7495 0.6807 1.1011
20917 0.7490 0.6811 1.0997
20918 0.7482 0.6809 1.0989
20919 0.7479 0.6806 1.0989
20920 0.7470 0.6806 1.0976
20921 0.7466 0.6802 1.0977
20921 0.7462 0.6788 1.0992
20923 0.7459 0.6792 1.0982
20924 0.7476 0.6812 1.0973
20925 0.7472 0.6809 1.0973
20926 0.7468 0.6805 1.0974
20927 0.7467 0.6801 1.0980
20928 0.7445 0.6775 1.0989
20929 0.7443 0.6781 1.0977
20930 0.7452 0.6775 1.0999
20931 0.7438 0.6775 1.0979
20932 0.7450 0.6792 1.0969
20933 0.7453 0.6789 1.0978
20934 0.7451 0.6788 1.0977
20935 0.7445 0.6790 1.0964
20936 0.7426 0.6771 1.0966
20937 0.7430 0.6771 1.0972
20937 0.7430 0.6769 1.0977
20939 0.7425 0.6760 1.0984
20940 0.7434 0.6779 1.0965
20941 0.7429 0.6777 1.0963
20942 0.7419 0.6768 1.0960
20943 0.7427 0.6776 1.0962
20944 0.7400 0.6752 1.0960
20945 0.7401 0.6754 1.0959
20946 0.7398 0.6748 1.0964
20947 0.7400 0.6754 1.0956
20948 0.7422 0.6768 1.0967
20954 0.7419 0.6768 1.0963
20955 0.7480 0.6822 1.0966
20956 0.7476 0.6812 1.0974
20957 0.7456 0.6791 1.0978
20958 0.7455 0.6784 1.0989
20959 0.7445 0.6786 1.0971
20960 0.7439 0.6777 1.0976
20961 0.7455 0.6796 1.0969
20962 0.7460 0.6800 1.0971
20986 0.7459 0.6797 1.0973
20987 0.7734 0.7047 1.0974
20988 0.7501 0.6832 1.0979
20989 0.7498 0.6831 1.0977
20990 0.7481 0.6807 1.0991
20991 0.7484 0.6805 1.0998
20992 0.7483 0.6810 1.0988
20993 0.7478 0.6812 1.0978
20994 0.7499 0.6831 1.0978
20994 0.7505 0.6829 1.0989
20996 0.7504 0.6831 1.0984
20997 0.7505 0.6839 1.0975
20998 0.7484 0.6813 1.0984
20999 0.7480 0.6811 1.0982
21000 0.7482 0.6812 1.0984
21001 0.7487 0.6816 1.0985
21002 0.7500 0.6824 1.0990
21003 0.7496 0.6826 1.0982
21006 0.7501 0.6835 1.0974
21007 0.7512 0.6844 1.0977
21008 0.7514 0.6834 1.0995
21009 0.7692 0.7020 1.0957
21011 0.7472 0.6802 1.0985
21012 0.7491 0.6827 1.0973
21013 0.7493 0.6824 1.0981
21014 0.7510 0.6829 1.0997
21015 0.7504 0.6833 1.0983
21016 0.7512 0.6840 1.0982
21017 0.7665 0.6856 1.1180
21018 0.7501 0.6834 1.0976
21019 0.7498 0.6829 1.0979
21020 0.7502 0.6829 1.0984
21021 0.7698 0.7024 1.0960
21022 0.7496 0.6833 1.0971
21023 0.7500 0.6832 1.0979
21024 0.7498 0.6833 1.0974
21025 0.7506 0.6837 1.0979
21026 0.7499 0.6828 1.0982
21027 0.7504 0.6834 1.0981
21028 0.7500 0.6832 1.0977
21031 0.7711 0.7041 1.0951
21032 0.7555 0.6866 1.1004
21033 0.7554 0.6879 1.0982
21034 0.7552 0.6879 1.0977
21035 0.7558 0.6890 1.0970
21036 0.7557 0.6889 1.0970
21037 0.7560 0.6886 1.0979
21040 0.7562 0.6883 1.0986
21041 0.7576 0.6916 1.0954
21042 0.7776 0.7162 1.0858
21043 0.7580 0.6921 1.0952
21046 0.7582 0.6915 1.0965
21047 0.7571 0.6916 1.0947
21048 0.7573 0.6910 1.0958
21049 0.7765 0.7111 1.0919
21051 0.7563 0.6890 1.0976
21052 0.7397 0.6757 1.0947
21052 0.7383 0.6752 1.0935
