20967 -0.0002 0.0156 0.0000
20968 0.5297 0.0173 0.8949
20969 0.5397 0.0176 0.5957
20970 0.0233 0.0157 0.9269
20971 0.0197 0.0156 0.9476
20972 0.5431 0.0173 0.7666
20974 0.5629 0.0178 1.3418
20975 0.5627 0.0174 0.8134
20982 0.5516 0.0177 1.9363
20983 0.5380 0.0173 0.8360
21053 0.5747 0.0348 0.9268
21054 0.5495 0.0180 1.3690
21060 0.5218 0.0280 0.5102
21061 0.5604 0.0251 90.0806
21062 0.4746 0.0244 89.5416
20967 -0.0002 0.0156 0.0000
20968 0.5297 0.0173 0.8949
20969 0.5397 0.0176 0.5957
20970 0.0233 0.0157 0.9269
20971 0.0197 0.0156 0.9476
20972 0.5431 0.0173 0.7666
20974 0.5629 0.0178 1.3418
20975 0.5627 0.0174 0.8134
20982 0.5516 0.0177 1.9363
20983 0.5380 0.0173 0.8360
21053 0.5747 0.0348 0.9268
21054 0.5495 0.0180 1.3690
21060 0.5218 0.0280 0.5102
21061 0.5604 0.0251 90.0806
21062 0.4746 0.0244 89.5416
21064 0.4699 0.0252 94.3526
21065 -0.5335 0.0218 83.3524
21066 -0.6290 0.0246 84.3383
21066 0.0480 0.0275 0.5311
