20850 -0.0807 0.0032 0.3863
20851 -0.0805 0.0032 0.5376
20852 0.0096 0.0032 2.2722
20854 0.0064 0.0033 2.5484
20855 -0.0880 0.0045 20.5546
20858 -0.0355 0.0033 5.8914
20859 0.0000 0.0033 0.0000
20860 0.0044 0.0033 1.1646
20861 0.0061 0.0033 0.8393
20862 0.0070 0.0032 0.5512
20863 -0.0789 0.0032 0.3934
20864 -0.0763 0.0032 1.0001
20865 -0.0791 0.0032 0.5482
20866 -0.0810 0.0032 0.9763
20867 0.0067 0.0032 0.9215
20868 0.0072 0.0032 1.7891
20869 0.0096 0.0032 0.8261
20870 0.0049 0.0032 0.8253
20871 -0.0788 0.0032 1.1870
20872 -0.0830 0.0032 2.0227
20873 -0.0800 0.0032 2.5860
20874 -0.0754 0.0032 6.3127
20875 0.0041 0.0032 0.6408
20879 0.0094 0.0044 1.4686
20880 0.0041 0.0032 0.7829
20883 0.0069 0.0032 0.6628
20884 -0.0763 0.0032 0.3213
20890 -0.0754 0.0032 1.3878
20893 -0.0733 0.0032 7.5139
20894 -0.0771 0.0032 11.1481
20895 -0.0732 0.0032 12.2297
20896 -0.0738 0.0032 11.6973
20897 0.0082 0.0035 6.2024
20898 -0.0799 0.0032 0.5792
20899 -0.0794 0.0032 0.6296
20900 -0.0265 0.0033 23.7487
20901 -0.0297 0.0033 25.4682
20902 -0.0253 0.0033 27.9979
20903 -0.0128 0.0033 10.8071
20904 0.0067 0.0032 1.1104
20905 -0.0036 0.0032 7.0301
20906 -0.0773 0.0032 7.3815
20907 -0.0797 0.0032 9.3541
20908 -0.0792 0.0033 9.2446
20914 -0.0784 0.0033 16.2005
20915 0.0115 0.0032 3.6312
20916 0.0081 0.0032 1.1902
20917 0.0126 0.0042 2.2354
20918 0.0116 0.0032 2.7101
20919 0.0068 0.0032 0.6840
20920 -0.0771 0.0032 0.4960
20921 -0.0791 0.0032 0.8701
20922 -0.0791 0.0032 0.9546
20923 -0.0757 0.0032 0.6761
20924 0.0061 0.0032 0.5866
20925 0.0088 0.0032 1.0030
20926 0.0068 0.0032 0.9948
20927 0.0089 0.0032 0.6746
20928 -0.0737 0.0032 0.6388
20929 -0.0786 0.0032 0.5571
20930 -0.0794 0.0032 0.7315
20931 -0.0823 0.0032 1.3945
20932 0.0068 0.0032 0.6147
20933 0.0100 0.0032 1.1503
20934 0.0046 0.0033 1.2000
20935 0.0047 0.0032 1.0792
20936 -0.0762 0.0032 0.6595
20937 -0.0779 0.0032 0.7568
20938 -0.0799 0.0032 0.7239
20939 -0.0787 0.0032 1.1361
20940 0.0078 0.0033 1.4287
20941 0.0080 0.0032 0.5832
20942 0.0082 0.0032 1.6980
20943 -0.0040 0.0033 0.9478
20944 -0.0739 0.0032 4.3875
20945 -0.0744 0.0032 1.6518
20946 -0.0743 0.0032 4.0281
20947 -0.0754 0.0032 0.7628
20948 0.0087 0.0032 0.7642
20954 0.0053 0.0032 0.6700
20955 -0.0046 0.0032 0.7764
20956 0.0070 0.0032 0.8233
20957 -0.0783 0.0032 0.5308
20958 -0.0823 0.0032 0.7015
20959 -0.0810 0.0032 0.5868
20960 -0.0767 0.0032 1.0063
20961 0.0059 0.0032 0.7455
20962 0.0071 0.0032 0.4929
20986 0.0072 0.0032 0.4356
20987 0.0092 0.0032 0.9309
20988 0.0100 0.0032 1.0113
20989 0.0116 0.0032 0.5793
20990 -0.0775 0.0032 0.7451
20991 -0.0823 0.0032 0.5878
20992 -0.0802 0.0032 1.2860
20993 -0.0783 0.0032 0.7815
20994 0.0070 0.0032 0.7827
20995 -0.0028 0.0032 0.9784
20996 -0.0027 0.0032 0.7443
20997 -0.0038 0.0032 0.8255
20998 -0.0800 0.0032 0.8507
20999 -0.0786 0.0032 2.9342
21000 -0.0807 0.0032 0.7382
21001 -0.0816 0.0032 0.5119
21002 0.0060 0.0032 1.0336
21003 0.0063 0.0032 0.9025
21006 0.0097 0.0032 0.8511
21007 0.0080 0.0032 0.7989
21008 0.0076 0.0032 0.6385
21009 -0.0785 0.0032 0.3523
21011 -0.0782 0.0032 2.1298
21012 -0.0770 0.0032 0.6638
21013 -0.0765 0.0032 1.1225
21014 0.0093 0.0032 0.4982
21015 0.0074 0.0032 2.3290
21016 0.0110 0.0032 0.8329
21017 0.0145 0.0032 0.5405
21018 -0.0761 0.0032 0.9229
21019 -0.0766 0.0032 0.5278
21020 -0.0801 0.0032 0.9806
21021 -0.0811 0.0032 0.3413
21022 -0.0807 0.0032 0.7967
21023 -0.0783 0.0032 0.5913
21024 -0.0779 0.0032 0.8863
21025 -0.0864 0.0032 1.1385
21026 -0.0798 0.0032 0.6589
21027 -0.0813 0.0032 0.6651
21028 -0.0803 0.0032 1.3092
21031 -0.0793 0.0032 0.7861
21032 -0.0811 0.0032 0.4902
21033 -0.0817 0.0032 0.8437
21034 -0.0775 0.0032 0.6367
21035 -0.0766 0.0032 0.7923
21036 -0.0761 0.0032 1.5903
21037 -0.0741 0.0032 0.6299
21040 -0.0811 0.0032 0.7094
21041 0.0060 0.0032 1.5317
21042 0.0066 0.0032 0.8216
21043 0.0056 0.0032 1.6226
21046 -0.0025 0.0033 1.1391
21047 -0.0732 0.0032 3.2992
21048 -0.0690 0.0032 2.8450
21049 -0.0703 0.0032 3.6628
21051 -0.0771 0.0032 1.6629
21052 0.0080 0.0032 3.9795
21052 0.0174 0.0076 0.8649
