20967 1.01e+04 1.13e+02 9.41e+10 1.071 0.012
20968 9.99e+03 1.12e+02 9.38e+10 1.065 0.012
20969 1.02e+04 1.13e+02 9.38e+10 1.086 0.012
20970 9.82e+03 1.11e+02 9.57e+10 1.026 0.012
20971 1.00e+04 1.12e+02 9.73e+10 1.028 0.012
20972 9.95e+03 1.12e+02 1.00e+11 0.994 0.011
20974 9.90e+03 1.12e+02 9.94e+10 0.997 0.011
20975 1.02e+04 1.13e+02 1.01e+11 1.018 0.011
20982 9.58e+03 1.10e+02 9.81e+10 0.976 0.011
20983 9.93e+03 1.12e+02 9.83e+10 1.011 0.011
21053 1.47e+03 4.31e+01 1.40e+10 1.051 0.031
21054 9.63e+03 1.11e+02 9.36e+10 1.029 0.012
21060 1.96e+03 4.95e+01 1.99e+10 0.983 0.025
21061 9.71e+03 1.11e+02 1.09e+10 8.928 0.102
21062 9.46e+03 1.09e+02 1.35e+10 7.010 0.081
20967 1.01e+04 1.13e+02 9.41e+10 1.071 0.012
20968 9.99e+03 1.12e+02 9.38e+10 1.065 0.012
20969 1.02e+04 1.13e+02 9.38e+10 1.086 0.012
20970 9.82e+03 1.11e+02 9.57e+10 1.026 0.012
20971 1.00e+04 1.12e+02 9.73e+10 1.028 0.012
20972 9.95e+03 1.12e+02 1.00e+11 0.994 0.011
20974 9.90e+03 1.12e+02 9.94e+10 0.997 0.011
20975 1.02e+04 1.13e+02 1.01e+11 1.018 0.011
20982 9.58e+03 1.10e+02 9.81e+10 0.976 0.011
20983 9.93e+03 1.12e+02 9.83e+10 1.011 0.011
21053 1.47e+03 4.31e+01 1.40e+10 1.051 0.031
21054 9.63e+03 1.11e+02 9.36e+10 1.029 0.012
21060 1.96e+03 4.95e+01 1.99e+10 0.983 0.025
21061 9.71e+03 1.11e+02 1.09e+10 8.928 0.102
21062 9.46e+03 1.09e+02 1.35e+10 7.010 0.081
21064 9.58e+03 1.10e+02 1.08e+10 8.882 0.102
21065 9.82e+03 1.11e+02 1.65e+10 5.935 0.067
21066 9.70e+03 1.11e+02 1.01e+10 9.587 0.109
21066 1.69e+03 4.63e+01 1.64e+10 1.032 0.028
