20850 1.09e+05 3.41e+02 6.06e+09 1.796 0.006
20851 1.08e+05 3.39e+02 6.03e+09 1.786 0.006
20852 1.05e+05 3.35e+02 6.01e+09 1.747 0.006
20854 1.04e+05 3.33e+02 5.96e+09 1.747 0.006
20855 3.47e+04 1.88e+02 1.72e+09 2.020 0.011
20858 9.36e+04 3.16e+02 5.48e+09 1.709 0.006
20859 1.04e+05 3.33e+02 5.79e+09 1.794 0.006
20860 1.03e+05 3.31e+02 5.76e+09 1.783 0.006
20861 1.03e+05 3.32e+02 5.75e+09 1.788 0.006
20862 1.03e+05 3.32e+02 5.75e+09 1.786 0.006
20863 1.05e+05 3.35e+02 5.83e+09 1.796 0.006
20864 1.06e+05 3.36e+02 5.91e+09 1.787 0.006
20865 1.04e+05 3.34e+02 5.79e+09 1.804 0.006
20866 1.05e+05 3.35e+02 5.92e+09 1.772 0.006
20867 1.06e+05 3.36e+02 5.95e+09 1.773 0.006
20868 1.04e+05 3.34e+02 5.94e+09 1.757 0.006
20869 1.05e+05 3.35e+02 5.89e+09 1.781 0.006
20870 1.08e+05 3.39e+02 6.05e+09 1.781 0.006
20871 1.06e+05 3.36e+02 5.94e+09 1.776 0.006
20872 1.06e+05 3.37e+02 6.04e+09 1.763 0.006
20873 1.07e+05 3.38e+02 6.12e+09 1.746 0.006
20874 1.05e+05 3.35e+02 6.10e+09 1.718 0.005
20875 1.06e+05 3.37e+02 5.89e+09 1.806 0.006
20879 3.77e+04 2.01e+02 2.13e+09 1.770 0.009
20880 1.08e+05 3.39e+02 6.00e+09 1.796 0.006
20883 1.09e+05 3.41e+02 6.00e+09 1.813 0.006
20884 1.04e+05 3.33e+02 5.78e+09 1.795 0.006
20890 1.03e+05 3.32e+02 5.87e+09 1.756 0.006
20893 1.02e+05 3.30e+02 5.99e+09 1.701 0.006
20894 1.04e+05 3.33e+02 6.17e+09 1.682 0.005
20895 1.03e+05 3.32e+02 6.16e+09 1.673 0.005
20896 1.04e+05 3.33e+02 6.21e+09 1.678 0.005
20897 7.45e+04 2.82e+02 4.37e+09 1.703 0.006
20898 1.06e+05 3.36e+02 5.86e+09 1.802 0.006
20899 1.06e+05 3.37e+02 5.88e+09 1.805 0.006
20900 9.32e+04 3.15e+02 5.73e+09 1.626 0.005
20901 9.41e+04 3.17e+02 5.81e+09 1.620 0.005
20902 9.29e+04 3.15e+02 5.76e+09 1.613 0.005
20903 9.74e+04 3.23e+02 5.79e+09 1.681 0.006
20904 1.05e+05 3.35e+02 5.93e+09 1.766 0.006
20905 1.05e+05 3.36e+02 6.18e+09 1.703 0.005
20906 1.03e+05 3.32e+02 6.01e+09 1.706 0.006
20907 1.03e+05 3.34e+02 6.13e+09 1.688 0.005
20908 1.02e+05 3.32e+02 6.03e+09 1.693 0.006
20914 1.02e+05 3.32e+02 6.15e+09 1.659 0.005
20915 1.08e+05 3.40e+02 5.85e+09 1.848 0.006
20916 1.08e+05 3.39e+02 5.95e+09 1.814 0.006
20917 4.57e+04 2.21e+02 2.48e+09 1.847 0.009
20918 1.08e+05 3.39e+02 5.86e+09 1.842 0.006
20919 1.08e+05 3.40e+02 6.01e+09 1.802 0.006
20920 1.05e+05 3.35e+02 5.83e+09 1.800 0.006
20921 1.06e+05 3.36e+02 5.90e+09 1.789 0.006
20922 1.05e+05 3.34e+02 5.78e+09 1.809 0.006
20923 1.06e+05 3.37e+02 5.92e+09 1.794 0.006
20924 1.05e+05 3.36e+02 5.90e+09 1.789 0.006
20925 1.06e+05 3.36e+02 5.89e+09 1.796 0.006
20926 1.06e+05 3.37e+02 5.85e+09 1.817 0.006
20927 1.05e+05 3.35e+02 5.94e+09 1.773 0.006
20928 1.05e+05 3.36e+02 5.89e+09 1.792 0.006
20929 1.06e+05 3.36e+02 5.88e+09 1.794 0.006
20930 1.05e+05 3.35e+02 5.92e+09 1.776 0.006
20931 1.06e+05 3.37e+02 5.90e+09 1.796 0.006
20932 1.06e+05 3.36e+02 5.96e+09 1.777 0.006
20933 1.06e+05 3.36e+02 5.80e+09 1.819 0.006
20934 1.04e+05 3.33e+02 5.88e+09 1.767 0.006
20935 1.04e+05 3.34e+02 5.88e+09 1.774 0.006
20936 1.06e+05 3.36e+02 5.94e+09 1.778 0.006
20937 1.06e+05 3.37e+02 5.87e+09 1.811 0.006
20938 1.07e+05 3.38e+02 5.94e+09 1.800 0.006
20939 1.05e+05 3.35e+02 5.94e+09 1.767 0.006
20940 1.04e+05 3.33e+02 5.91e+09 1.751 0.006
20941 1.05e+05 3.35e+02 5.84e+09 1.790 0.006
20942 1.04e+05 3.34e+02 5.92e+09 1.764 0.006
20943 1.04e+05 3.33e+02 5.86e+09 1.767 0.006
20944 1.03e+05 3.32e+02 5.96e+09 1.727 0.006
20945 1.04e+05 3.34e+02 5.91e+09 1.756 0.006
20946 1.04e+05 3.33e+02 5.98e+09 1.731 0.006
20947 1.05e+05 3.36e+02 5.96e+09 1.768 0.006
20948 1.06e+05 3.37e+02 5.94e+09 1.786 0.006
20954 1.06e+05 3.36e+02 5.95e+09 1.775 0.006
20955 1.05e+05 3.35e+02 5.84e+09 1.804 0.006
20956 1.06e+05 3.37e+02 5.92e+09 1.794 0.006
20957 1.07e+05 3.37e+02 5.97e+09 1.785 0.006
20958 1.06e+05 3.37e+02 5.91e+09 1.796 0.006
20959 1.06e+05 3.37e+02 5.92e+09 1.789 0.006
20960 1.06e+05 3.37e+02 6.01e+09 1.769 0.006
20961 1.06e+05 3.37e+02 5.98e+09 1.775 0.006
20962 1.05e+05 3.35e+02 5.91e+09 1.774 0.006
20986 1.08e+05 3.40e+02 6.05e+09 1.789 0.006
20987 1.04e+05 3.33e+02 5.86e+09 1.774 0.006
20988 1.07e+05 3.38e+02 5.86e+09 1.821 0.006
20989 1.05e+05 3.35e+02 5.92e+09 1.780 0.006
20990 1.08e+05 3.39e+02 5.97e+09 1.805 0.006
20991 1.08e+05 3.39e+02 5.99e+09 1.802 0.006
20992 1.08e+05 3.40e+02 5.99e+09 1.808 0.006
20993 1.07e+05 3.38e+02 5.96e+09 1.790 0.006
20994 1.06e+05 3.37e+02 5.92e+09 1.797 0.006
20995 1.05e+05 3.35e+02 5.84e+09 1.798 0.006
20996 1.05e+05 3.34e+02 5.89e+09 1.775 0.006
20997 1.05e+05 3.34e+02 5.89e+09 1.776 0.006
20998 1.08e+05 3.40e+02 5.97e+09 1.809 0.006
20999 1.09e+05 3.42e+02 5.96e+09 1.837 0.006
21000 1.08e+05 3.40e+02 5.97e+09 1.809 0.006
21001 1.07e+05 3.38e+02 5.97e+09 1.799 0.006
21002 1.06e+05 3.36e+02 5.93e+09 1.781 0.006
21003 1.06e+05 3.37e+02 5.92e+09 1.792 0.006
21006 1.07e+05 3.37e+02 5.93e+09 1.797 0.006
21007 1.06e+05 3.37e+02 5.86e+09 1.815 0.006
21008 1.06e+05 3.37e+02 5.95e+09 1.787 0.006
21009 1.07e+05 3.37e+02 5.97e+09 1.786 0.006
21011 1.08e+05 3.40e+02 5.91e+09 1.834 0.006
21012 1.05e+05 3.35e+02 5.85e+09 1.796 0.006
21013 1.05e+05 3.34e+02 5.93e+09 1.764 0.006
21014 1.06e+05 3.37e+02 5.95e+09 1.787 0.006
21015 1.07e+05 3.38e+02 5.85e+09 1.834 0.006
21016 1.08e+05 3.39e+02 5.94e+09 1.812 0.006
21017 1.08e+05 3.39e+02 6.05e+09 1.781 0.006
21018 1.06e+05 3.36e+02 5.95e+09 1.779 0.006
21019 1.06e+05 3.36e+02 5.95e+09 1.778 0.006
21020 1.06e+05 3.37e+02 5.98e+09 1.780 0.006
21021 1.06e+05 3.36e+02 5.95e+09 1.780 0.006
21022 1.07e+05 3.38e+02 5.97e+09 1.792 0.006
21023 1.07e+05 3.38e+02 5.92e+09 1.805 0.006
21024 1.07e+05 3.39e+02 5.99e+09 1.793 0.006
21025 1.07e+05 3.38e+02 5.93e+09 1.800 0.006
21026 1.09e+05 3.40e+02 6.07e+09 1.787 0.006
21027 1.08e+05 3.40e+02 6.01e+09 1.795 0.006
21028 1.07e+05 3.39e+02 5.94e+09 1.810 0.006
21031 1.08e+05 3.40e+02 6.01e+09 1.797 0.006
21032 1.07e+05 3.38e+02 6.02e+09 1.782 0.006
21033 1.09e+05 3.41e+02 6.01e+09 1.811 0.006
21034 1.08e+05 3.40e+02 6.01e+09 1.804 0.006
21035 1.06e+05 3.37e+02 5.99e+09 1.777 0.006
21036 1.05e+05 3.35e+02 5.97e+09 1.757 0.006
21037 1.07e+05 3.38e+02 6.00e+09 1.783 0.006
21040 1.08e+05 3.39e+02 6.02e+09 1.787 0.006
21041 1.05e+05 3.35e+02 5.96e+09 1.764 0.006
21042 1.06e+05 3.36e+02 5.98e+09 1.768 0.006
21043 1.05e+05 3.35e+02 5.97e+09 1.766 0.006
21046 1.04e+05 3.33e+02 5.91e+09 1.761 0.006
21047 1.03e+05 3.31e+02 5.92e+09 1.736 0.006
21048 1.04e+05 3.33e+02 5.95e+09 1.744 0.006
21049 1.04e+05 3.33e+02 5.99e+09 1.738 0.006
21051 1.04e+05 3.33e+02 5.94e+09 1.755 0.006
21052 1.04e+05 3.34e+02 5.98e+09 1.736 0.006
21052 1.06e+04 1.07e+02 5.82e+08 1.824 0.018
