  0 0.0000 0.0000
  1 0.3483 0.0283
  2 0.6230 0.0556
  3 0.1814 0.0148
  4 0.1026 0.0105
  5 0.1929 0.0164
  6 0.3242 0.0209
  7 0.2336 0.0151
  8 0.2647 0.0163
  9 0.2956 0.0175
 10 0.2236 0.0142
 11 0.3261 0.0218
 12 0.2324 0.0148
 13 0.5196 0.0362
 14 0.7946 0.0531
 15 0.8500 0.0571
 16 0.4409 0.0262
 17 0.3682 0.0217
 18 0.4541 0.0274
 19 0.4693 0.0273
 20 0.3277 0.0184
 21 0.1639 0.0125
 22 0.2441 0.0153
 23 0.5360 0.0377
 24 0.4300 0.0260
 25 0.2847 0.0156
 26 0.3578 0.0220
 27 0.3001 0.0179
 28 0.3075 0.0169
 29 0.2993 0.0179
 30 0.2992 0.0159
 31 0.3337 0.0242
 32 0.2267 0.0145
 33 0.2196 0.0135
 34 0.3163 0.0215
 35 0.3197 0.0193
 36 0.3120 0.0178
 37 0.2726 0.0165
 38 0.3180 0.0182
 39 0.2829 0.0462
 40 0.2555 0.0485
 41 0.3148 0.0185
 42 0.3103 0.0174
 43 0.2897 0.0169
 44 0.3160 0.0181
 45 0.3137 0.0185
 46 0.3017 0.0178
 47 0.2798 0.0164
 48 0.3339 0.0195
 49 0.2874 0.0163
 50 0.2850 0.0172
 51 0.3223 0.0180
 52 0.2931 0.0260
 53 0.2862 0.0254
 54 0.3373 0.0185
 55 0.3153 0.0175
 56 0.3068 0.0172
 57 0.2978 0.0171
 58 0.3238 0.0184
 59 0.3343 0.0183
 60 0.3001 0.0232
 61 0.2836 0.0220
 62 0.3408 0.0182
 63 0.3095 0.0176
 64 0.3117 0.0170
 65 0.3375 0.0175
 66 0.3412 0.0179
 67 0.3334 0.0173
 68 0.3425 0.0180
 69 0.3186 0.0170
 70 0.3766 0.0241
 71 0.3536 0.0213
 72 0.3786 0.0186
 73 0.3490 0.0173
 74 0.3331 0.0165
 75 0.3490 0.0185
 76 0.3713 0.0180
 77 0.3862 0.0173
 78 0.3964 0.0180
 79 0.3609 0.0173
 80 0.3828 0.0175
 81 0.3612 0.0170
 82 0.3389 0.0166
 83 0.3861 0.0179
 84 0.3647 0.0166
 85 0.3846 0.0182
 86 0.3649 0.0172
 87 0.3529 0.0164
 88 0.3568 0.0164
 89 0.3585 0.0175
 90 0.3557 0.0168
 91 0.3837 0.0169
 92 0.3582 0.0163
 93 0.3427 0.0159
 94 0.3470 0.0158
 95 0.3361 0.0154
 96 0.3586 0.0164
 97 0.3544 0.0194
 98 0.3404 0.0156
 99 0.3379 0.0155
100 0.3296 0.0151
101 0.3507 0.0164
102 0.3305 0.0154
103 0.3080 0.0145
104 0.3363 0.0164
105 0.3397 0.0155
106 0.3538 0.0176
107 0.3465 0.0155
108 0.3434 0.0157
109 0.3064 0.0140
110 0.3103 0.0144
111 0.3220 0.0145
112 0.2954 0.0139
113 0.3280 0.0147
114 0.3229 0.0149
115 0.3162 0.0143
116 0.3221 0.0146
117 0.3019 0.0144
118 0.3171 0.0154
119 0.2892 0.0143
120 0.3244 0.0147
121 0.3010 0.0135
122 0.2938 0.0133
123 0.2926 0.0132
124 0.3134 0.0138
125 0.2879 0.0132
126 0.2857 0.0132
127 0.3307 0.0150
128 0.3184 0.0146
129 0.2869 0.0128
130 0.2944 0.0133
131 0.2784 0.0128
132 0.2670 0.0123
133 0.2866 0.0127
134 0.2774 0.0128
135 0.2704 0.0124
136 0.2797 0.0123
137 0.2919 0.0127
138 0.2807 0.0125
139 0.2966 0.0134
140 0.2899 0.0148
141 0.2738 0.0148
142 0.2920 0.0131
143 0.2631 0.0118
144 0.2970 0.0131
145 0.2843 0.0126
146 0.2825 0.0127
147 0.2861 0.0123
148 0.2890 0.0126
149 0.2703 0.0119
150 0.2897 0.0125
151 0.2798 0.0123
152 0.2712 0.0120
153 0.1960 0.0084
154 0.2696 0.0119
155 0.2800 0.0120
156 0.2659 0.0116
157 0.2778 0.0116
158 0.2730 0.0116
159 0.2692 0.0115
160 0.2455 0.0106
161 0.1783 0.0087
162 0.2324 0.0092
163 0.3095 0.0143
164 0.2915 0.0118
165 0.2422 0.0104
166 0.2571 0.0123
167 0.2666 0.0128
168 0.2908 0.0117
169 0.2808 0.0119
170 0.2787 0.0114
171 0.2845 0.0118
172 0.2800 0.0116
173 0.2512 0.0116
174 0.2527 0.0119
175 0.2574 0.0109
176 0.2608 0.0105
177 0.2634 0.0107
178 0.2780 0.0111
179 0.2790 0.0109
180 0.2734 0.0109
181 0.2799 0.0116
182 0.2481 0.0096
183 0.2518 0.0103
184 0.2724 0.0105
185 0.2551 0.0101
186 0.2622 0.0102
187 0.2505 0.0100
188 0.2576 0.0100
189 0.2648 0.0104
190 0.2595 0.0100
191 0.2924 0.0110
192 0.2768 0.0107
193 0.2656 0.0103
194 0.2456 0.0097
195 0.2763 0.0104
196 0.2966 0.0108
197 0.2955 0.0113
198 0.2750 0.0103
199 0.2573 0.0124
200 0.2841 0.0105
201 0.2814 0.0110
202 0.1836 0.0078
203 0.0906 0.0064
204 0.1383 0.0072
205 0.2015 0.0080
206 0.2695 0.0094
207 0.2741 0.0096
208 0.2859 0.0097
209 0.2628 0.0095
210 0.2638 0.0090
211 0.2577 0.0092
212 0.2660 0.0093
213 0.2886 0.0097
214 0.2903 0.0102
215 0.2881 0.0095
216 0.3008 0.0101
217 0.3052 0.0107
218 0.2742 0.0093
219 0.2582 0.0087
220 0.2490 0.0092
221 0.2571 0.0091
222 0.2716 0.0091
223 0.2679 0.0087
224 0.2641 0.0088
225 0.2536 0.0082
226 0.2622 0.0092
227 0.2891 0.0097
228 0.2801 0.0087
229 0.2656 0.0085
230 0.2966 0.0093
231 0.2873 0.0089
232 0.2719 0.0084
233 0.2711 0.0084
234 0.2744 0.0085
235 0.2934 0.0087
236 0.2827 0.0082
237 0.2913 0.0083
238 0.3235 0.0089
239 0.3518 0.0099
240 0.3221 0.0090
241 0.3162 0.0086
242 0.3071 0.0083
243 0.3111 0.0084
244 0.3179 0.0086
245 0.3244 0.0088
246 0.3286 0.0085
247 0.3050 0.0081
248 0.3116 0.0082
249 0.2918 0.0080
250 0.3143 0.0087
251 0.3172 0.0089
252 0.2980 0.0082
253 0.3001 0.0080
254 0.2801 0.0074
255 0.2781 0.0073
256 0.2613 0.0071
257 0.2441 0.0067
258 0.2467 0.0066
259 0.2594 0.0068
260 0.3065 0.0074
261 0.2476 0.0120
262 0.3236 0.0079
263 0.3196 0.0082
264 0.2784 0.0097
265 0.2734 0.0107
266 0.3125 0.0080
267 0.2499 0.0072
268 0.2433 0.0065
269 0.2265 0.0065
270 0.2382 0.0060
271 0.2534 0.0064
272 0.2486 0.0060
273 0.2986 0.0074
274 0.2945 0.0074
275 0.2761 0.0068
276 0.2620 0.0067
277 0.2575 0.0063
278 0.2843 0.0068
279 0.2935 0.0069
280 0.2668 0.0062
281 0.2512 0.0063
282 0.2807 0.0068
283 0.2716 0.0069
284 0.3014 0.0072
285 0.3605 0.0068
286 0.4139 0.0069
287 0.4638 0.0071
288 0.5277 0.0070
289 0.5225 0.0090
290 0.5399 0.0066
291 0.5115 0.0077
292 0.5367 0.0072
293 0.4821 0.0061
294 0.4489 0.0058
295 0.4526 0.0060
296 0.4352 0.0058
297 0.4309 0.0058
298 0.4480 0.0059
299 0.4686 0.0060
300 0.4320 0.0057
301 0.3928 0.0053
302 0.3864 0.0053
303 0.3964 0.0054
304 0.4058 0.0055
305 0.3698 0.0051
306 0.3499 0.0049
307 0.3828 0.0051
308 0.1010 0.0027
309 0.2949 0.0043
310 0.3355 0.0047
311 0.3456 0.0049
312 0.3256 0.0047
313 0.3024 0.0044
314 0.3145 0.0046
315 0.3193 0.0046
316 0.2873 0.0043
317 0.2796 0.0041
318 0.2867 0.0042
319 0.2922 0.0043
320 0.2805 0.0040
321 0.2692 0.0039
322 0.2614 0.0038
323 0.2426 0.0041
324 0.2502 0.0045
325 0.2539 0.0039
326 0.2388 0.0037
327 0.2388 0.0035
328 0.2305 0.0033
329 0.2233 0.0033
330 0.1989 0.0030
331 0.1809 0.0029
332 0.1833 0.0030
333 0.1919 0.0030
334 0.1984 0.0028
335 0.2070 0.0029
336 0.2322 0.0031
337 0.0000 0.0000
338 0.0000 0.0000
339 0.0000 0.0000
340 0.0000 0.0000
341 0.0000 0.0000
342 0.0000 0.0000
343 0.0000 0.0000
344 0.0000 0.0000
345 0.0000 0.0000
346 0.0000 0.0000
347 0.0000 0.0000
348 0.0000 0.0000
349 0.0000 0.0000
350 0.0000 0.0000
351 0.0000 0.0000
